{"/home/james/projects/trcs2/src/app.module.ts": {"path":"/home/james/projects/trcs2/src/app.module.ts","statementMap":{"0":{"start":{"line":1,"column":0},"end":{"line":1,"column":40}},"1":{"start":{"line":3,"column":0},"end":{"line":3,"column":54}},"2":{"start":{"line":8,"column":7},"end":{"line":8,"column":null}},"3":{"start":{"line":8,"column":13},"end":{"line":8,"column":22}},"4":{"start":{"line":8,"column":13},"end":{"line":8,"column":null}}},"fnMap":{},"branchMap":{},"s":{"0":1,"1":1,"2":1,"3":1,"4":1},"f":{},"b":{}}
,"/home/james/projects/trcs2/src/health/health.controller.ts": {"path":"/home/james/projects/trcs2/src/health/health.controller.ts","statementMap":{"0":{"start":{"line":1,"column":0},"end":{"line":1,"column":49}},"1":{"start":{"line":3,"column":0},"end":{"line":3,"column":48}},"2":{"start":{"line":5,"column":0},"end":{"line":5,"column":49}},"3":{"start":{"line":8,"column":7},"end":{"line":31,"column":null}},"4":{"start":{"line":14,"column":4},"end":{"line":14,"column":48}},"5":{"start":{"line":19,"column":4},"end":{"line":19,"column":50}},"6":{"start":{"line":24,"column":4},"end":{"line":24,"column":51}},"7":{"start":{"line":29,"column":4},"end":{"line":29,"column":49}},"8":{"start":{"line":8,"column":13},"end":{"line":8,"column":29}},"9":{"start":{"line":13,"column":2},"end":{"line":15,"column":null}},"10":{"start":{"line":18,"column":2},"end":{"line":20,"column":null}},"11":{"start":{"line":23,"column":2},"end":{"line":25,"column":null}},"12":{"start":{"line":28,"column":2},"end":{"line":30,"column":null}},"13":{"start":{"line":8,"column":13},"end":{"line":31,"column":null}}},"fnMap":{"0":{"name":"(anonymous_0)","decl":{"start":{"line":13,"column":2},"end":{"line":13,"column":11}},"loc":{"start":{"line":13,"column":11},"end":{"line":15,"column":3}}},"1":{"name":"(anonymous_1)","decl":{"start":{"line":18,"column":2},"end":{"line":18,"column":13}},"loc":{"start":{"line":18,"column":13},"end":{"line":20,"column":3}}},"2":{"name":"(anonymous_2)","decl":{"start":{"line":23,"column":2},"end":{"line":23,"column":14}},"loc":{"start":{"line":23,"column":14},"end":{"line":25,"column":3}}},"3":{"name":"(anonymous_3)","decl":{"start":{"line":28,"column":2},"end":{"line":28,"column":12}},"loc":{"start":{"line":28,"column":12},"end":{"line":30,"column":3}}}},"branchMap":{"0":{"loc":{"start":{"line":13,"column":15},"end":{"line":13,"column":null}},"type":"cond-expr","locations":[{"start":{"line":13,"column":34},"end":{"line":13,"column":null}},{"start":{"line":13,"column":34},"end":{"line":13,"column":null}}]},"1":{"loc":{"start":{"line":13,"column":15},"end":{"line":13,"column":34}},"type":"binary-expr","locations":[{"start":{"line":13,"column":15},"end":{"line":13,"column":null}},{"start":{"line":13,"column":15},"end":{"line":13,"column":34}}]},"2":{"loc":{"start":{"line":18,"column":17},"end":{"line":18,"column":null}},"type":"cond-expr","locations":[{"start":{"line":18,"column":36},"end":{"line":18,"column":null}},{"start":{"line":18,"column":36},"end":{"line":18,"column":null}}]},"3":{"loc":{"start":{"line":18,"column":17},"end":{"line":18,"column":36}},"type":"binary-expr","locations":[{"start":{"line":18,"column":17},"end":{"line":18,"column":null}},{"start":{"line":18,"column":17},"end":{"line":18,"column":36}}]},"4":{"loc":{"start":{"line":23,"column":18},"end":{"line":23,"column":null}},"type":"cond-expr","locations":[{"start":{"line":23,"column":37},"end":{"line":23,"column":null}},{"start":{"line":23,"column":37},"end":{"line":23,"column":null}}]},"5":{"loc":{"start":{"line":23,"column":18},"end":{"line":23,"column":37}},"type":"binary-expr","locations":[{"start":{"line":23,"column":18},"end":{"line":23,"column":null}},{"start":{"line":23,"column":18},"end":{"line":23,"column":37}}]},"6":{"loc":{"start":{"line":28,"column":16},"end":{"line":28,"column":null}},"type":"cond-expr","locations":[{"start":{"line":28,"column":35},"end":{"line":28,"column":null}},{"start":{"line":28,"column":35},"end":{"line":28,"column":null}}]},"7":{"loc":{"start":{"line":28,"column":16},"end":{"line":28,"column":35}},"type":"binary-expr","locations":[{"start":{"line":28,"column":16},"end":{"line":28,"column":null}},{"start":{"line":28,"column":16},"end":{"line":28,"column":35}}]},"8":{"loc":{"start":{"line":10,"column":46},"end":{"line":10,"column":62}},"type":"cond-expr","locations":[{"start":{"line":10,"column":59},"end":{"line":10,"column":62}},{"start":{"line":10,"column":59},"end":{"line":10,"column":62}}]},"9":{"loc":{"start":{"line":10,"column":46},"end":{"line":10,"column":59}},"type":"binary-expr","locations":[{"start":{"line":10,"column":46},"end":{"line":10,"column":62}},{"start":{"line":10,"column":46},"end":{"line":10,"column":59}}]}},"s":{"0":3,"1":3,"2":3,"3":3,"4":1,"5":1,"6":1,"7":1,"8":3,"9":3,"10":3,"11":3,"12":3,"13":3},"f":{"0":1,"1":1,"2":1,"3":1},"b":{"0":[0,3],"1":[3,0],"2":[0,3],"3":[3,0],"4":[0,3],"5":[3,0],"6":[0,3],"7":[3,0],"8":[3,0],"9":[3,3]}}
,"/home/james/projects/trcs2/src/health/health.module.ts": {"path":"/home/james/projects/trcs2/src/health/health.module.ts","statementMap":{"0":{"start":{"line":1,"column":0},"end":{"line":1,"column":40}},"1":{"start":{"line":3,"column":0},"end":{"line":3,"column":55}},"2":{"start":{"line":4,"column":0},"end":{"line":4,"column":49}},"3":{"start":{"line":10,"column":7},"end":{"line":10,"column":null}},"4":{"start":{"line":10,"column":13},"end":{"line":10,"column":25}},"5":{"start":{"line":10,"column":13},"end":{"line":10,"column":null}}},"fnMap":{},"branchMap":{},"s":{"0":2,"1":2,"2":2,"3":2,"4":2,"5":2},"f":{},"b":{}}
,"/home/james/projects/trcs2/src/health/health.service.ts": {"path":"/home/james/projects/trcs2/src/health/health.service.ts","statementMap":{"0":{"start":{"line":1,"column":0},"end":{"line":1,"column":44}},"1":{"start":{"line":3,"column":0},"end":{"line":3,"column":79}},"2":{"start":{"line":6,"column":7},"end":{"line":65,"column":null}},"3":{"start":{"line":7,"column":19},"end":{"line":7,"column":50}},"4":{"start":{"line":8,"column":10},"end":{"line":8,"column":35}},"5":{"start":{"line":12,"column":4},"end":{"line":12,"column":22}},"6":{"start":{"line":17,"column":4},"end":{"line":17,"column":24}},"7":{"start":{"line":21,"column":4},"end":{"line":21,"column":61}},"8":{"start":{"line":25,"column":4},"end":{"line":25,"column":61}},"9":{"start":{"line":29,"column":4},"end":{"line":29,"column":62}},"10":{"start":{"line":33,"column":4},"end":{"line":33,"column":60}},"11":{"start":{"line":37,"column":25},"end":{"line":40,"column":6}},"12":{"start":{"line":42,"column":4},"end":{"line":63,"column":5}},"13":{"start":{"line":44,"column":8},"end":{"line":47,"column":10}},"14":{"start":{"line":49,"column":8},"end":{"line":52,"column":10}},"15":{"start":{"line":54,"column":8},"end":{"line":57,"column":10}},"16":{"start":{"line":59,"column":8},"end":{"line":62,"column":10}},"17":{"start":{"line":6,"column":13},"end":{"line":6,"column":26}},"18":{"start":{"line":6,"column":13},"end":{"line":65,"column":null}}},"fnMap":{"0":{"name":"(anonymous_0)","decl":{"start":{"line":10,"column":2},"end":{"line":10,"column":null}},"loc":{"start":{"line":10,"column":2},"end":{"line":13,"column":3}}},"1":{"name":"(anonymous_1)","decl":{"start":{"line":15,"column":10},"end":{"line":15,"column":15}},"loc":{"start":{"line":15,"column":26},"end":{"line":18,"column":3}}},"2":{"name":"(anonymous_2)","decl":{"start":{"line":20,"column":2},"end":{"line":20,"column":17}},"loc":{"start":{"line":20,"column":17},"end":{"line":22,"column":3}}},"3":{"name":"(anonymous_3)","decl":{"start":{"line":24,"column":2},"end":{"line":24,"column":19}},"loc":{"start":{"line":24,"column":19},"end":{"line":26,"column":3}}},"4":{"name":"(anonymous_4)","decl":{"start":{"line":28,"column":2},"end":{"line":28,"column":20}},"loc":{"start":{"line":28,"column":20},"end":{"line":30,"column":3}}},"5":{"name":"(anonymous_5)","decl":{"start":{"line":32,"column":2},"end":{"line":32,"column":18}},"loc":{"start":{"line":32,"column":18},"end":{"line":34,"column":3}}},"6":{"name":"(anonymous_6)","decl":{"start":{"line":36,"column":10},"end":{"line":36,"column":28}},"loc":{"start":{"line":36,"column":50},"end":{"line":64,"column":3}}}},"branchMap":{"0":{"loc":{"start":{"line":42,"column":4},"end":{"line":63,"column":5}},"type":"switch","locations":[{"start":{"line":43,"column":6},"end":{"line":47,"column":10}},{"start":{"line":48,"column":6},"end":{"line":52,"column":10}},{"start":{"line":53,"column":6},"end":{"line":57,"column":10}},{"start":{"line":58,"column":6},"end":{"line":62,"column":10}}]},"1":{"loc":{"start":{"line":51,"column":18},"end":{"line":51,"column":78}},"type":"cond-expr","locations":[{"start":{"line":51,"column":33},"end":{"line":51,"column":53}},{"start":{"line":51,"column":56},"end":{"line":51,"column":78}}]},"2":{"loc":{"start":{"line":56,"column":18},"end":{"line":56,"column":77}},"type":"cond-expr","locations":[{"start":{"line":56,"column":33},"end":{"line":56,"column":53}},{"start":{"line":56,"column":56},"end":{"line":56,"column":77}}]}},"s":{"0":4,"1":4,"2":4,"3":9,"4":9,"5":9,"6":9,"7":3,"8":1,"9":1,"10":1,"11":6,"12":6,"13":4,"14":1,"15":1,"16":0,"17":4,"18":4},"f":{"0":9,"1":9,"2":3,"3":1,"4":1,"5":1,"6":6},"b":{"0":[4,1,1,0],"1":[1,0],"2":[1,0]}}
,"/home/james/projects/trcs2/src/shared/constants/app.constants.ts": {"path":"/home/james/projects/trcs2/src/shared/constants/app.constants.ts","statementMap":{"0":{"start":{"line":1,"column":13},"end":{"line":1,"column":33}},"1":{"start":{"line":2,"column":13},"end":{"line":2,"column":43}},"2":{"start":{"line":3,"column":13},"end":{"line":3,"column":49}},"3":{"start":{"line":4,"column":13},"end":{"line":4,"column":32}}},"fnMap":{},"branchMap":{},"s":{"0":4,"1":4,"2":4,"3":4},"f":{},"b":{}}
,"/home/james/projects/trcs2/src/shared/constants/test.constants.ts": {"path":"/home/james/projects/trcs2/src/shared/constants/test.constants.ts","statementMap":{"0":{"start":{"line":1,"column":13},"end":{"line":1,"column":37}},"1":{"start":{"line":2,"column":13},"end":{"line":2,"column":30}},"2":{"start":{"line":3,"column":13},"end":{"line":3,"column":45}},"3":{"start":{"line":4,"column":13},"end":{"line":4,"column":35}},"4":{"start":{"line":5,"column":13},"end":{"line":5,"column":22}}},"fnMap":{},"branchMap":{},"s":{"0":4,"1":4,"2":4,"3":4,"4":4},"f":{},"b":{}}
,"/home/james/projects/trcs2/src/shared/enums/health.enum.ts": {"path":"/home/james/projects/trcs2/src/shared/enums/health.enum.ts","statementMap":{"0":{"start":{"line":1,"column":0},"end":{"line":1,"column":null}},"1":{"start":{"line":2,"column":2},"end":{"line":2,"column":null}},"2":{"start":{"line":3,"column":2},"end":{"line":3,"column":null}},"3":{"start":{"line":4,"column":2},"end":{"line":4,"column":null}},"4":{"start":{"line":7,"column":0},"end":{"line":7,"column":null}},"5":{"start":{"line":8,"column":2},"end":{"line":8,"column":null}},"6":{"start":{"line":9,"column":2},"end":{"line":9,"column":null}},"7":{"start":{"line":10,"column":2},"end":{"line":10,"column":null}}},"fnMap":{"0":{"name":"(anonymous_0)","decl":{"start":{"line":1,"column":0},"end":{"line":1,"column":12}},"loc":{"start":{"line":1,"column":24},"end":{"line":5,"column":1}}},"1":{"name":"(anonymous_1)","decl":{"start":{"line":7,"column":0},"end":{"line":7,"column":12}},"loc":{"start":{"line":7,"column":27},"end":{"line":11,"column":1}}}},"branchMap":{"0":{"loc":{"start":{"line":1,"column":12},"end":{"line":1,"column":null}},"type":"binary-expr","locations":[{"start":{"line":1,"column":12},"end":{"line":1,"column":24}},{"start":{"line":1,"column":24},"end":{"line":1,"column":null}}]},"1":{"loc":{"start":{"line":7,"column":12},"end":{"line":7,"column":null}},"type":"binary-expr","locations":[{"start":{"line":7,"column":12},"end":{"line":7,"column":27}},{"start":{"line":7,"column":27},"end":{"line":7,"column":null}}]}},"s":{"0":4,"1":4,"2":4,"3":4,"4":4,"5":4,"6":4,"7":4},"f":{"0":4,"1":4},"b":{"0":[4,4],"1":[4,4]}}
}
