TN:
SF:src/app.module.ts
FNF:0
FNH:0
DA:1,1
DA:3,1
DA:8,1
LF:3
LH:3
BRF:0
BRH:0
end_of_record
TN:
SF:src/health/health.controller.ts
FN:13,(anonymous_0)
FN:18,(anonymous_1)
FN:23,(anonymous_2)
FN:28,(anonymous_3)
FNF:4
FNH:4
FNDA:1,(anonymous_0)
FNDA:1,(anonymous_1)
FNDA:1,(anonymous_2)
FNDA:1,(anonymous_3)
DA:1,3
DA:3,3
DA:5,3
DA:8,3
DA:13,3
DA:14,1
DA:18,3
DA:19,1
DA:23,3
DA:24,1
DA:28,3
DA:29,1
LF:12
LH:12
BRDA:13,0,0,0
BRDA:13,0,1,3
BRDA:13,1,0,3
BRDA:13,1,1,0
BRDA:18,2,0,0
BRDA:18,2,1,3
BRDA:18,3,0,3
BRDA:18,3,1,0
BRDA:23,4,0,0
BRDA:23,4,1,3
BRDA:23,5,0,3
BRDA:23,5,1,0
BRDA:28,6,0,0
BRDA:28,6,1,3
BRDA:28,7,0,3
BRDA:28,7,1,0
BRDA:10,8,0,3
BRDA:10,8,1,0
BRDA:10,9,0,3
BRDA:10,9,1,3
BRF:20
BRH:11
end_of_record
TN:
SF:src/health/health.module.ts
FNF:0
FNH:0
DA:1,2
DA:3,2
DA:4,2
DA:10,2
LF:4
LH:4
BRF:0
BRH:0
end_of_record
TN:
SF:src/health/health.service.ts
FN:10,(anonymous_0)
FN:15,(anonymous_1)
FN:20,(anonymous_2)
FN:24,(anonymous_3)
FN:28,(anonymous_4)
FN:32,(anonymous_5)
FN:36,(anonymous_6)
FNF:7
FNH:7
FNDA:9,(anonymous_0)
FNDA:9,(anonymous_1)
FNDA:3,(anonymous_2)
FNDA:1,(anonymous_3)
FNDA:1,(anonymous_4)
FNDA:1,(anonymous_5)
FNDA:6,(anonymous_6)
DA:1,4
DA:3,4
DA:6,4
DA:7,9
DA:8,9
DA:12,9
DA:17,9
DA:21,3
DA:25,1
DA:29,1
DA:33,1
DA:37,6
DA:42,6
DA:44,4
DA:49,1
DA:54,1
DA:59,0
LF:17
LH:16
BRDA:42,0,0,4
BRDA:42,0,1,1
BRDA:42,0,2,1
BRDA:42,0,3,0
BRDA:51,1,0,1
BRDA:51,1,1,0
BRDA:56,2,0,1
BRDA:56,2,1,0
BRF:8
BRH:5
end_of_record
TN:
SF:src/shared/constants/app.constants.ts
FNF:0
FNH:0
DA:1,4
DA:2,4
DA:3,4
DA:4,4
LF:4
LH:4
BRF:0
BRH:0
end_of_record
TN:
SF:src/shared/constants/test.constants.ts
FNF:0
FNH:0
DA:1,4
DA:2,4
DA:3,4
DA:4,4
DA:5,4
LF:5
LH:5
BRF:0
BRH:0
end_of_record
TN:
SF:src/shared/enums/health.enum.ts
FN:1,(anonymous_0)
FN:7,(anonymous_1)
FNF:2
FNH:2
FNDA:4,(anonymous_0)
FNDA:4,(anonymous_1)
DA:1,4
DA:2,4
DA:3,4
DA:4,4
DA:7,4
DA:8,4
DA:9,4
DA:10,4
LF:8
LH:8
BRDA:1,0,0,4
BRDA:1,0,1,4
BRDA:7,1,0,4
BRDA:7,1,1,4
BRF:4
BRH:4
end_of_record
